[22:47:44] [main/INFO]: Loading Minecraft 1.21 with Fabric Loader 0.16.3
[22:47:52] [ForkJoinPool-1-worker-2/WARN]: Mod getittogetherdrops uses the version fabric-1.21-1.3.1 which isn't compatible with Loader's extended semantic version format (Could not parse version number component 'fabric'!), SemVer is recommended for reliably evaluating dependencies and prioritizing newer version
[22:47:52] [ForkJoinPool-1-worker-2/WARN]: Mod mr_vanilla_refresh uses the version 1.4.23b which isn't compatible with Loader's extended semantic version format (Could not parse version number component '23b'!), SemVer is recommended for reliably evaluating dependencies and prioritizing newer version
[22:47:53] [main/INFO]: Loading 260 mods:
	- additionalstructures 5.0.0-fabric
	- afkplus 1.5.0
	   |-- com_moandjiezana_toml_toml4j 0.7.2
	   \-- fabric-permissions-api-v0 0.3.1
	- alternate-current 1.8.0
	- amplified_nether 1.2.5
	- anvilrestoration 2.3
	- architectury 13.0.6
	- armor-stand-editor 2.5.0+1.21-rc1
	   |-- common-protection-api 1.0.0
	   |-- fabric-permissions-api-v0 0.3.1
	   |-- player-data-api 0.6.0+1.21
	   |-- server_translations_api 2.3.1+1.21-pre2
	   \-- sgui 1.6.0+1.21
	- arrowentitylootdrop 1.2.3
	- axesareweapons 1.9.1
	- badpackets 0.8.1
	- balm-fabric 21.0.14
	   \-- kuma_api 21.0.4
	- banhammer 0.11.1+1.21
	   |-- com_mysql_mysql-connector-j 8.4.0
	   |-- fabric-permissions-api-v0 0.3.1
	   |-- org_postgresql_postgresql 42.7.3
	   \-- org_xerial_sqlite-jdbc 3.46.0.0
	- betterbeaconplacement 3.4
	- betterspawnercontrol 4.6
	- boids 1.2.3
	   \-- blue_endless_jankson 1.2.3
	- ce 2.1.1
	- chunky 1.4.16
	- chunkyborder 1.2.18
	- cloth-config 15.0.128
	   \-- cloth-basic-math 0.6.1
	- collective 7.80
	- compacthelpcommand 2.7
	- convenient-mobgriefing 2.1.2
	- cristellib 1.2.7
	   \-- blue_endless_jankson 1.2.3
	- ctov 3.5.1
	- cyclepaintings 3.6
	- despawningeggshatch 4.4
	- disconnect-packet-fix 1.0.0
	- dismountentity 3.5
	- diversity 1.3.1+1.21
	   |-- fabric-permissions-api-v0 0.3.1
	   |-- org_javassist_javassist 3.28.0-GA
	   \-- org_reflections_reflections 0.10.2
	- doubledoors 5.9
	- easyeula 1.1.1
	- edibles 4.4
	- effective_invisibility 1.0.1
	- enhancedgroups 1.21-1.6.0
	   |-- admiral 0.4.4+1.20.6
	   \-- fabric-api-base 0.4.42+6573ed8c90
	- essential_commands 0.35.2-mc1.21
	   |-- ec-core 1.3.0-mc1.21
	   |    |-- fabric-permissions-api-v0 0.3.1
	   |    \-- playerabilitylib 1.10.0
	   |-- fabric-permissions-api-v0 0.3.1
	   \-- playerabilitylib 1.10.0
	- expanded_axe_enchanting 1.0.10
	- expanded_bow_enchanting 1.1.1
	- explorify 1.6.1
	- fabric-api 0.101.0+1.21
	   |-- fabric-api-lookup-api-v1 1.6.68+b5597344d1
	   |-- fabric-biome-api-v1 13.0.29+5bd9f1bcd1
	   |-- fabric-block-api-v1 1.0.22+0af3f5a7d1
	   |-- fabric-block-view-api-v2 1.0.10+6573ed8cd1
	   |-- fabric-blockrenderlayer-v1 1.1.52+0af3f5a7d1
	   |-- fabric-client-tags-api-v1 1.1.15+6573ed8cd1
	   |-- fabric-command-api-v1 1.2.49+f71b366fd1
	   |-- fabric-command-api-v2 2.2.28+6ced4dd9d1
	   |-- fabric-commands-v0 0.2.66+df3654b3d1
	   |-- fabric-content-registries-v0 8.0.16+b5597344d1
	   |-- fabric-convention-tags-v1 2.0.19+7f945d5bd1
	   |-- fabric-convention-tags-v2 2.5.0+c5e2b5c6d1
	   |-- fabric-crash-report-info-v1 0.2.29+0af3f5a7d1
	   |-- fabric-data-attachment-api-v1 1.1.26+6a6dfa19d1
	   |-- fabric-data-generation-api-v1 20.2.14+16c4ae25d1
	   |-- fabric-dimensions-v1 4.0.0+6fc22b99d1
	   |-- fabric-entity-events-v1 1.6.12+6fc22b99d1
	   |-- fabric-events-interaction-v0 0.7.11+ba9dae06d1
	   |-- fabric-game-rule-api-v1 1.0.53+6ced4dd9d1
	   |-- fabric-item-api-v1 11.0.0+afdfc921d1
	   |-- fabric-item-group-api-v1 4.1.4+78017270d1
	   |-- fabric-key-binding-api-v1 1.0.47+0af3f5a7d1
	   |-- fabric-keybindings-v0 0.2.45+df3654b3d1
	   |-- fabric-lifecycle-events-v1 2.3.12+6c1df360d1
	   |-- fabric-loot-api-v2 3.0.14+3f89f5a5d1
	   |-- fabric-loot-api-v3 1.0.2+3f89f5a5d1
	   |-- fabric-message-api-v1 6.0.13+6573ed8cd1
	   |-- fabric-model-loading-api-v1 2.0.0+fe474d6bd1
	   |-- fabric-networking-api-v1 4.2.1+8759e755d1
	   |-- fabric-object-builder-api-v1 15.1.14+d1321076d1
	   |-- fabric-particles-v1 4.0.2+6573ed8cd1
	   |-- fabric-recipe-api-v1 5.0.11+65089712d1
	   |-- fabric-registry-sync-v0 5.1.0+8759e755d1
	   |-- fabric-renderer-api-v1 3.4.0+c705a49cd1
	   |-- fabric-renderer-indigo 1.7.0+c705a49cd1
	   |-- fabric-renderer-registries-v1 3.2.68+df3654b3d1
	   |-- fabric-rendering-data-attachment-v1 0.3.48+73761d2ed1
	   |-- fabric-rendering-fluids-v1 3.1.6+b5597344d1
	   |-- fabric-rendering-v0 1.1.71+df3654b3d1
	   |-- fabric-rendering-v1 5.0.5+df16efd0d1
	   |-- fabric-resource-conditions-api-v1 4.3.0+8dc279b1d1
	   |-- fabric-resource-loader-v0 1.3.0+56599129d1
	   |-- fabric-screen-api-v1 2.0.24+b5597344d1
	   |-- fabric-screen-handler-api-v1 1.3.84+b5597344d1
	   |-- fabric-sound-api-v1 1.0.23+6573ed8cd1
	   |-- fabric-transfer-api-v1 5.1.16+3dccd343d1
	   \-- fabric-transitive-access-wideners-v1 6.1.0+176f9036d1
	- fabric-language-kotlin 1.11.0+kotlin.2.0.0
	   |-- org_jetbrains_kotlin_kotlin-reflect 2.0.0
	   |-- org_jetbrains_kotlin_kotlin-stdlib 2.0.0
	   |-- org_jetbrains_kotlin_kotlin-stdlib-jdk7 2.0.0
	   |-- org_jetbrains_kotlin_kotlin-stdlib-jdk8 2.0.0
	   |-- org_jetbrains_kotlinx_atomicfu-jvm 0.24.0
	   |-- org_jetbrains_kotlinx_kotlinx-coroutines-core-jvm 1.8.1
	   |-- org_jetbrains_kotlinx_kotlinx-coroutines-jdk8 1.8.1
	   |-- org_jetbrains_kotlinx_kotlinx-datetime-jvm 0.6.0
	   |-- org_jetbrains_kotlinx_kotlinx-serialization-cbor-jvm 1.6.3
	   |-- org_jetbrains_kotlinx_kotlinx-serialization-core-jvm 1.6.3
	   \-- org_jetbrains_kotlinx_kotlinx-serialization-json-jvm 1.6.3
	- fabricloader 0.16.3
	   \-- mixinextras 0.4.1
	- fabrictailor 2.5.0
	   \-- config2brigadier 1.2.3
	- factions 2.6.3
	- faster-random 5.1.0
	- ferritecore 7.0.0
	- firstjoinmessage 3.6
	- flatbedrock 87.0.0
	- followersteleporttoo 2.6
	- forgeconfigapiport 21.0.7
	   |-- com_electronwill_night-config_core 3.8.0
	   \-- com_electronwill_night-config_toml 3.8.0
	- forgivingvoid 21.0.2
	- formations 1.0.2
	- formationsnether 1.0.5
	- fsit 2.5.2+1.21
	   |-- com_charleskorn_kaml_kaml-jvm 0.54.0
	   \-- org_snakeyaml_snakeyaml-engine 2.6
	- getittogetherdrops fabric-1.21-1.3.1
	- giantspawn 5.2
	- globalpacks 21.0.0
	- goml 1.13.1+1.21
	   |-- cardinal-components-base 6.1.0
	   |-- cardinal-components-world 6.1.0
	   |-- common-protection-api 1.0.0
	   |-- playerabilitylib 1.10.0
	   |-- rtree-3i-lite-fabric 0.3.0
	   |-- server_translations_api 2.3.1+1.21-pre2
	   \-- sgui 1.6.0+1.21
	- grabbymobs 1.6
	- head_in_the_clouds 1.1.0
	- highspeed-rail 0.8.1+1.21
	- hopobettermineshaft 1.2.7
	- hopobetterunderwaterruins 1.2.0
	- horsebuff 2.1.8
	- improved-signs 1.4.2
	- infinity-cave 0.52.5
	- jamlib 1.0.10+1.21
	   \-- blue_endless_jankson 1.2.3
	- java 21
	- keepmysoiltilled 2.4
	- krypton 0.2.8
	   \-- com_velocitypowered_velocity-native 3.3.0-SNAPSHOT
	- ksyxis 1.3.2
	- leashmod 1.1.0
	- leavesbegone 21.0.0
	- ledger 1.3.4
	   |-- fabric-permissions-api-v0 0.3.1
	   \-- server_translations_api 2.3.1+1.21-pre2
	- letmedespawn 1.3.1
	- linkart 5.4.5-1.20.6-build.29
	   \-- dark-matter-base 4.0.0-1.20.1-build.481
	- lios_overhauled_villages 1.18.2-1.21-v0.0.4
	- lithium 0.12.7
	- lithostitched 1.2.5
	- luckperms 5.4.133
	   \-- fabric-permissions-api-v0 0.3.1
	- melius-vanish 1.5.6+1.21
	   |-- fabric-permissions-api-v0 0.3.1
	   |-- player-data-api 0.6.0+1.21
	   \-- server_translations_api 2.3.1+1.21-pre2
	- mes 1.3.2-1.21-fabric
	- midnightlib 1.5.7
	- mine-spawners 1.0
	- minecraft 1.21
	- mineralchance 3.7
	- mns 1.0.2-1.21-fabric
	- modernfix 5.19.0+mc1.21
	- mooshroomspawn 3.6
	- more-vanilla-fuel 1.6.5
	- mostructures 1.5.0+1.21
	   \-- omegaconfig 1.5.1
	- moveboats 3.4
	- moveminecarts 3.6
	- mr_betterpets 1-v2.0.2
	- mr_immersive_structures 2.2.0
	- mr_mvp 1.0
	- mr_vanilla_refresh 1.4.23b
	- mru 0.4.4+1.21
	- mvs 4.1.3-1.21-fabric
	- nametag 0.2.3
	   \-- predicate-api 0.5.1+1.21
	- natural_size_variation 1.1
	- naturallychargedcreepers 3.5
	- netherportalfix 21.0.2
	- neutral_animals 1.2.6
	- nochatreports 1.21-v2.8.0
	- noisium 2.2.1+mc1.21
	- nullscape 1.2.7
	- oth3r-sit 1.2.0.1+1.21
	- placeholder-api 2.4.1+1.21
	- polydex 1.2.3+1.21
	   |-- player-data-api 0.6.0+1.21
	   |-- predicate-api 0.5.1+1.21
	   |-- server_translations_api 2.3.1+1.21-pre2
	   |-- sgui 1.6.0+1.21
	   \-- sidebar-api 0.5.0+1.21
	- polymer-bundled 0.9.9+1.21
	   |-- polymer-autohost 0.9.9+1.21
	   |    \-- io_netty_netty-codec-http 4.1.82
	   |-- polymer-blocks 0.9.9+1.21
	   |-- polymer-common 0.9.9+1.21
	   |    \-- packet_tweaker 0.5.5+1.21
	   |-- polymer-core 0.9.9+1.21
	   |    |-- polymer-networking 0.9.9+1.21
	   |    |    \-- polymer-common 0.9.9+1.21
	   |    |         \-- packet_tweaker 0.5.5+1.21
	   |    \-- polymer-registry-sync-manipulator 0.9.9+1.21
	   |-- polymer-resource-pack 0.9.9+1.21
	   |    \-- polymer-common 0.9.9+1.21
	   |         \-- packet_tweaker 0.5.5+1.21
	   \-- polymer-virtual-entity 0.9.9+1.21
	        \-- polymer-common 0.9.9+1.21
	             \-- packet_tweaker 0.5.5+1.21
	- profundis 1.7.1
	- puzzleslib 21.0.18
	- quicksort 0.10.0+1.21
	- railoptimization 1.2
	- randombonemealflowers 4.6
	- recipecommands 3.5
	- regenerative_sleep 1.1
	- repurposed_structures 7.5.4+1.21-fabric
	- rightclickharvest 4.3.1+1.21
	- roguelike 2.0.8-1.21-fabric
	- servercore 1.5.4+1.21
	   |-- fabric-permissions-api-v0 0.3.1
	   |-- org_yaml_snakeyaml 2.2
	   |-- space_arim_dazzleconf_dazzleconf-core 1.3.0-M2
	   \-- space_arim_dazzleconf_dazzleconf-ext-snakeyaml 1.3.0-M2
	- serversleep_mr 1-datapack
	- skeletonhorsespawn 4.0
	- skinrestorer 2.0.2+1.21
	- slumber 1.2.0
	- snowballsfreezemobs 3.7
	- snowundertrees 2.4.0+1.21
	- spark 1.10.73
	   \-- fabric-permissions-api-v0 0.3.1
	- sparsestructures 2.2.0
	- spidersproducewebs 3.5
	- styled-nicknames 1.6.0+1.21
	   |-- fabric-permissions-api-v0 0.3.1
	   \-- player-data-api 0.6.0+1.21
	- styledplayerlist 3.5.1+1.21
	   |-- fabric-permissions-api-v0 0.3.1
	   \-- player-data-api 0.6.0+1.21
	- suggestion_tweaker 1.20.6-1.5.2
	- t_and_t 1.13.2
	- terralith 2.5.4
	- threadtweak 0.1.4+mc1.21
	- timeoutout 1.0.4+1.20.2
	- toggleableitemframes 5.0.0-1.21
	- transferable_pets 1.0.5
	- tt20 0.6.0
	- universal-graves 3.4.3+1.21
	   |-- common-protection-api 1.0.0
	   |-- predicate-api 0.5.1+1.21
	   |-- server_translations_api 2.3.1+1.21-pre2
	   \-- sgui 1.6.0+1.21
	- universal_shops 1.7.1+1.21
	   |-- common-economy-api 1.1.1
	   |-- common-protection-api 1.0.0
	   |-- server_translations_api 2.3.1+1.21-pre2
	   \-- sgui 1.6.0+1.21
	- vcinteraction 1.21-1.0.7
	   \-- fabric-api-base 0.4.42+6573ed8c90
	- viewdistancefix 1.21-1.0.2
	   \-- fabric-api-base 0.4.42+6573ed8c90
	- villagernames 8.1
	- vmp 0.2.0+beta.7.163+1.21
	   \-- com_ibm_async_asyncutil 0.1.0
	- voicechat 1.21-2.5.19
	   |-- fabric-api-base 0.4.42+6573ed8c90
	   \-- fabric-key-binding-api-v1 1.0.47+0af3f5a790
	- wabi_sabi_structures 3.0.0
	- whereisit 2.5.0+1.21
	   \-- jackfredlib 0.10.0+1.21
	        |-- jackfredlib-base 1.4.0+1.21
	        |-- jackfredlib-colour 1.1.0+1.21
	        |-- jackfredlib-extracommandsourcedata 1.1.1+1.21
	        |-- jackfredlib-gps 1.0.7+1.21
	        |-- jackfredlib-lying 0.5.5+1.21
	        \-- jackfredlib-toasts 1.1.0+1.21
	- wits 1.3.0+1.21-fabric
	- worldedit 7.3.5+6880-8ba3d89
	- yet_another_config_lib_v3 3.5.0+1.21-fabric
	   |-- com_twelvemonkeys_common_common-image 3.10.0
	   |-- com_twelvemonkeys_common_common-io 3.10.0
	   |-- com_twelvemonkeys_common_common-lang 3.10.0
	   |-- com_twelvemonkeys_imageio_imageio-core 3.10.0
	   |-- com_twelvemonkeys_imageio_imageio-metadata 3.10.0
	   |-- com_twelvemonkeys_imageio_imageio-webp 3.10.0
	   |-- org_quiltmc_parsers_gson 0.2.1
	   \-- org_quiltmc_parsers_json 0.2.1
	- zombiehorsespawn 5.1
	- zombify 0.1.4
[22:47:55] [main/INFO]: SpongePowered MIXIN Subsystem Version=0.8.7 Source=file:/workspaces/ds/servidor_minecraft/libraries/net/fabricmc/sponge-mixin/0.15.2+mixin.0.8.7/sponge-mixin-0.15.2+mixin.0.8.7.jar Service=Knot/Fabric Env=SERVER
[22:47:55] [main/INFO]: Compatibility level set to JAVA_17
[22:47:55] [main/INFO]: Compatibility level set to JAVA_21
[22:47:56] [main/WARN]: Reference map '[common]ctov-common-refmap.json' for ctov-common.mixins.json could not be read. If this is a development environment you can ignore this message
[22:47:56] [main/WARN]: Reference map 'forgeconfigapiport.common.refmap.json' for forgeconfigapiport.common.mixins.json could not be read. If this is a development environment you can ignore this message
[22:47:56] [main/WARN]: Reference map 'formationsnether.mixins.refmap.json' for formationsnether.mixins.json could not be read. If this is a development environment you can ignore this message
[22:47:56] [main/WARN]: Reference map 'leavesbegone.fabric.refmap.json' for leavesbegone.fabric.mixins.json could not be read. If this is a development environment you can ignore this message
[22:47:56] [main/INFO]: Loaded configuration file for Lithium: 138 options available, 3 override(s) found
[22:47:56] [main/INFO]: Loaded configuration file for ModernFix 5.19.0+mc1.21: 53 options available, 1 override(s) found
[22:47:56] [main/WARN]: Option 'mixin.perf.thread_priorities' overriden (by mods [threadtweak]) to 'false'
[22:47:56] [main/INFO]: Applying Nashorn fix
[22:47:56] [main/WARN]: Reference map 'natural_size_variation-common-refmap.json' for natural_size_variation-common.mixins.json could not be read. If this is a development environment you can ignore this message
[22:47:57] [main/INFO]: Successfully started async appender with [ServerGuiConsole, SysOut, File]
[22:47:59] [main/INFO]: Loading Faster Random.
[22:47:59] [main/WARN]: Error loading class: vazkii/botania/common/entity/EntityManaBurst (java.lang.ClassNotFoundException: vazkii/botania/common/entity/EntityManaBurst)
[22:47:59] [main/WARN]: Error loading class: vazkii/botania/common/item/ItemLaputaShard (java.lang.ClassNotFoundException: vazkii/botania/common/item/ItemLaputaShard)
[22:47:59] [main/WARN]: @Mixin target vazkii.botania.common.item.ItemLaputaShard was not found goml.mixins.json:compat.BotaniaItemLaputaShardMixin from mod goml
[22:47:59] [main/WARN]: Error loading class: org/dynmap/Client (java.lang.ClassNotFoundException: org/dynmap/Client)
[22:47:59] [main/WARN]: Force-disabling mixin 'alloc.blockstate.StateMixin' as rule 'mixin.alloc.blockstate' (added by mods [ferritecore]) disables it and children
[22:47:59] [main/WARN]: Force-disabling mixin 'alloc.chunk_ticking.ServerChunkManagerMixin' as rule 'mixin.alloc.chunk_ticking' (added by mods [servercore]) disables it and children
[22:47:59] [main/WARN]: Force-enabling mixin 'block.hopper.worldedit_compat.WorldChunkMixin' as rule 'mixin.block.hopper.worldedit_compat' (added by mods [lithium-fabric]) enables it
[22:47:59] [main/WARN]: Error loading class: net/minecraft/class_310 (java.lang.ClassNotFoundException: net/minecraft/class_310)
[22:47:59] [main/WARN]: @Mixin target net.minecraft.class_310 was not found omega-config.mixins.json:ClientMixin from mod omegaconfig
[22:48:00] [main/WARN]: Error loading class: com/simibubi/create/content/kinetics/base/BlockBreakingKineticBlockEntity (java.lang.ClassNotFoundException: com/simibubi/create/content/kinetics/base/BlockBreakingKineticBlockEntity)
[22:48:01] [main/INFO]: Initializing MixinExtras via com.llamalad7.mixinextras.service.MixinExtrasServiceImpl(version=0.4.1).
[22:48:02] [main/INFO]: ThreadTweak config initialized
[22:48:11] [main/INFO]: Injecting BlockStateBase cache population hook into lithium$getPathNodeType from me.jellysquid.mods.lithium.mixin.ai.pathing.AbstractBlockStateMixin
[22:48:11] [main/INFO]: Injecting BlockStateBase cache population hook into lithium$getAllFlags from me.jellysquid.mods.lithium.mixin.util.block_tracking.AbstractBlockStateMixin
[22:48:11] [main/INFO]: Injecting BlockStateBase cache population hook into lithium$getNeighborPathNodeType from me.jellysquid.mods.lithium.mixin.ai.pathing.AbstractBlockStateMixin
[22:48:11] [main/WARN]: @Final field field_36535:Ljava/util/List; in diversity.mixins.json:enchantTableAcceptFurtherBookshelf.EnchantingTableBlockMixin from mod diversity should be final
[22:48:14] [main/WARN]: Method overwrite conflict for method_21740 in modernfix-common.mixins.json:perf.remove_biome_temperature_cache.BiomeMixin from mod modernfix, previously written by me.jellysquid.mods.lithium.mixin.world.temperature_cache.BiomeMixin. Skipping method.
[22:48:24] [main/INFO]: Vanilla bootstrap took 19498 milliseconds
[22:48:25] [main/INFO]: Chunky extended loaded
[22:48:26] [main/INFO]: Loading Collective version 7.80.
[22:48:26] [main/INFO]: Loaded C2B lib.
[22:48:26] [main/INFO]: Disconnect Packet Fix has started.
[22:48:26] [main/INFO]: Loading...
[22:48:26] [main/INFO]: Register commands...
[22:48:26] [main/INFO]: Register events...
[22:48:26] [main/INFO]: Done!
[22:48:26] [main/INFO]: Detected Java version 21. Enabling Java 16 features.
[22:48:26] [main/INFO]: [EssentialCommands]: Mod Load Initiated.
[22:48:26] [main/INFO]: [EssentialCommands]: Mod Load Complete.
[22:48:29] [Thread-3/INFO]: Essential Commands is up to date!
[22:48:30] [main/INFO]: Initialized Factions Mod for Minecraft v1.20.1
[22:48:31] [main/INFO]: Horse Buff Initialized
[22:48:31] [main/INFO]: Improved Signs Initializing
[22:48:31] [main/INFO]: Initializing JamLib on Fabric
[22:48:31] [main/INFO]: Compression will use libdeflate (Linux x86_64), encryption will use OpenSSL 1.1.x (Linux x86_64)
[22:48:31] [main/INFO]: Ksyxis: Booting... (platform: Fabric, manual: false)
[22:48:31] [main/INFO]: Ksyxis: Found Mixin library. (version: 0.8.7)
[22:48:31] [main/INFO]: Ksyxis: Ready. As always, this mod will speed up your world loading and might or might not break it.
[22:48:31] [main/INFO]: Constructing common components for leavesbegone:main
[22:48:32] [main/INFO]: Loading Noisium.
[22:48:33] [main/INFO]: Loaded config for profundis
[22:48:33] [main/INFO]: Constructing common components for puzzleslib:main
[22:48:33] [main/INFO]: [Quicksort] Loading configuration from config/quicksort.json5
[22:48:33] [main/INFO]: [Quicksort] Initialized
[22:48:34] [main/INFO]: Updated config file at /workspaces/ds/servidor_minecraft/config/rightclickharvest.json5
[22:48:34] [main/INFO]: Initializing Right Click Harvest on FABRIC
[22:48:34] [main/INFO]: [ServerCore] Loaded V1.5.4+1.21!
[22:48:35] [main/INFO]: Deserializing SnowUnderTreesConfig from './config/snowundertrees.config.json'
[22:48:35] [main/INFO]: Starting TT20...
[22:48:35] [main/INFO]: [Collective] JSON file 'entity_names.json' generation requested by mod 'villagernames'.
[22:48:35] [main/INFO]: [voicechat] Compatibility version 18
[22:48:35] [main/INFO]: [voicechat] Loading plugins
[22:48:35] [main/INFO]: [voicechat] Loaded 2 plugin(s)
[22:48:35] [main/INFO]: [voicechat] Initializing plugins
[22:48:35] [main/INFO]: [voicechat] Initialized 2 plugin(s)
[22:48:35] [main/INFO]: [voicechat] Registering events for 'enhancedgroups'
[22:48:35] [main/INFO]: [voicechat] Registering events for 'vcinteraction'
[22:48:35] [main/INFO]: Deserializing WhereIsItConfig from './config/whereisit.json5'
[22:48:35] [main/INFO]: Serializing class red.jackf.whereisit.config.WhereIsItConfig to './config/whereisit.json5'
[22:48:36] [main/INFO]: Got request to register class com.sk89q.worldedit.fabric.FabricPlatform with WorldEdit [com.sk89q.worldedit.extension.platform.PlatformManager@5fa4b778]
[22:48:36] [main/INFO]: WorldEdit for Fabric (version 7.3.5+6880-8ba3d89) is loaded
[22:48:36] [main/INFO]: Have fun curing your zombie friends!
[22:48:36] [main/INFO]: [afkplus] AfkPlus-1.21-1.5.0
[22:48:36] [main/INFO]: [afkplus] Author: sakura-ryoko, (based upon afkdisplay by beabfc)
[22:48:36] [main/INFO]: Krypton is now accelerating your Minecraft server's networking stack 🚀
[22:48:36] [main/INFO]: Initializing Ledger 1.3.4
[22:48:40] [main/INFO]: Loading configuration...
[22:48:42] [main/INFO]: Environment: Environment[sessionHost=https://sessionserver.mojang.com, servicesHost=https://api.minecraftservices.com, name=PROD]
[22:48:48] [Worker-Main-1/ERROR]: Couldn't parse element minecraft:loot_table/wabi_sabi_structures:chests/generic/generic_firework_dispenser - Input does not contain a key [mode]: MapLike[{"values":[{"shape":"small_ball","colors":[12801229]}]}]; Input does not contain a key [mode]: MapLike[{"values":[{"shape":"small_ball","colors":[12801229]}]}]; Input does not contain a key [mode]: MapLike[{"values":[{"shape":"small_ball","colors":[12801229]}]}]; Input does not contain a key [mode]: MapLike[{"values":[{"shape":"small_ball","colors":[2651799]}]}]; Input does not contain a key [mode]: MapLike[{"values":[{"shape":"small_ball","colors":[2651799]}]}]; Input does not contain a key [mode]: MapLike[{"values":[{"shape":"small_ball","colors":[2651799]}]}]; Input does not contain a key [mode]: MapLike[{"values":[{"shape":"small_ball","colors":[14602026]}]}]; Input does not contain a key [mode]: MapLike[{"values":[{"shape":"small_ball","colors":[14602026]}]}]; Input does not contain a key [mode]: MapLike[{"values":[{"shape":"small_ball","colors":[14602026]}]}]; Input does not contain a key [mode]: MapLike[{"values":[{"shape":"small_ball","colors":[3887386]}]}]; Input does not contain a key [mode]: MapLike[{"values":[{"shape":"small_ball","colors":[3887386]}]}]; Input does not contain a key [mode]: MapLike[{"values":[{"shape":"small_ball","colors":[3887386]}]}]; Input does not contain a key [mode]: MapLike[{"values":[{"shape":"small_ball","colors":[2437522]}]}]; Input does not contain a key [mode]: MapLike[{"values":[{"shape":"small_ball","colors":[2437522]}]}]; Input does not contain a key [mode]: MapLike[{"values":[{"shape":"small_ball","colors":[2437522]}]}]; Input does not contain a key [mode]: MapLike[{"values":[{"shape":"small_ball","colors":[11743532]}]}]; Input does not contain a key [mode]: MapLike[{"values":[{"shape":"small_ball","colors":[11743532]}]}]; Input does not contain a key [mode]: MapLike[{"values":[{"shape":"small_ball","colors":[11743532]}]}]
[22:48:50] [Worker-Main-1/INFO]: Reflections took 127 ms to scan 1 urls, producing 1 keys and 2 values
[22:48:50] [Worker-Main-1/INFO]: Reflections took 13 ms to scan 1 urls, producing 2 keys and 13 values
[22:48:50] [Worker-Main-1/INFO]: Registering commands with com.sk89q.worldedit.fabric.FabricPlatform
[22:48:51] [Worker-Main-1/ERROR]: Couldn't load tag mes:common_avoid as it is missing following references: mes:tower (from mes), mes:decoration (from mes)
[22:48:53] [main/INFO]: Loaded 1347 recipes
[22:48:54] [main/INFO]: Loaded 1762 advancements
[22:48:54] [Thread-13/INFO]: Loaded 503 translation keys
[22:48:54] [main/WARN]: Not all defined tags for registry ResourceKey[minecraft:root / minecraft:block] are present in data pack: imst:fossil/rottable
[22:48:54] [main/WARN]: Not all defined tags for registry ResourceKey[minecraft:root / minecraft:worldgen/biome] are present in data pack: profundis:has_structure/amethyst_dungeon, profundis:has_structure/blackstone_lantern, profundis:has_structure/cabin, profundis:has_structure/deep_statue, profundis:has_structure/ice_dungeon, profundis:has_structure/mushroom_house, profundis:has_structure/sanctuary, vanilla_refresh:jagged_peaks
[22:48:56] [main/INFO]: Applied 432 biome modifications to 160 of 178 new biomes in 117.9 ms
[22:48:56] [Server thread/INFO]: Dispatching loading event for config at leavesbegone-server.toml
[22:48:57] [Server thread/INFO]: BanHammer connected successfully to SQLite database!
[22:48:57] [Server thread/INFO]: Starting background profiler...
[22:48:59] [Server thread/INFO]: Preparing create tables statements took 53ms
[22:48:59] [Server thread/INFO]: Executing create tables statements took 44ms
[22:48:59] [Server thread/INFO]: Extracting table columns took 7ms
[22:49:00] [Server thread/INFO]: Extracting primary keys took 570ms
[22:49:00] [Server thread/INFO]: Preparing alter table statements took 583ms
[22:49:00] [Server thread/INFO]: Executing alter table statements took 1ms
[22:49:00] [Server thread/INFO]: Index on table 'players' differs only in name: in db players_player_id -> in mapping players_player_id_unique
[22:49:00] [Server thread/INFO]: Index on table 'ActionIdentifiers' differs only in name: in db ActionIdentifiers_action_identifier -> in mapping ActionIdentifiers_action_identifier_unique
[22:49:00] [Server thread/INFO]: Index on table 'ObjectIdentifiers' differs only in name: in db ObjectIdentifiers_identifier -> in mapping ObjectIdentifiers_identifier_unique
[22:49:00] [Server thread/INFO]: Index on table 'sources' differs only in name: in db sources_name -> in mapping sources_name_unique
[22:49:00] [Server thread/INFO]: Index on table 'worlds' differs only in name: in db worlds_identifier -> in mapping worlds_identifier_unique
[22:49:00] [Server thread/INFO]: Checking mapping consistence took 234ms
[22:49:00] [Server thread/INFO]: Tables created
[22:49:00] [DefaultDispatcher-worker-5/INFO]: Inserting 1615 registry keys into the database...
[22:49:00] [Server thread/INFO]:         __    
[22:49:00] [Server thread/INFO]:   |    |__)   LuckPerms v5.4.133
[22:49:00] [Server thread/INFO]:   |___ |      Running on Fabric - fabric@0.101.0+1.21
[22:49:00] [Server thread/INFO]: 
[22:49:00] [Server thread/INFO]: Loading configuration...
[22:49:01] [Server thread/INFO]: Loading storage provider... [H2]
[22:49:02] [Server thread/INFO]: Loading internal permission managers...
[22:49:02] [Server thread/INFO]: Performing initial data load...
[22:49:02] [Server thread/INFO]: Successfully enabled. (took 2034ms)
[22:49:02] [Server thread/INFO]: Starting minecraft server version 1.21
[22:49:02] [Server thread/INFO]: Loading properties
[22:49:02] [Server thread/INFO]: Default game type: SURVIVAL
[22:49:02] [Server thread/INFO]: Generating keypair
[22:49:02] [Server thread/INFO]: Starting Minecraft server on *:25565
[22:49:03] [Server thread/INFO]: Using epoll channel type
[22:49:03] [Server thread/WARN]: **** SERVER IS RUNNING IN OFFLINE/INSECURE MODE!
[22:49:03] [Server thread/WARN]: The server will make no attempt to authenticate usernames. Beware.
[22:49:03] [Server thread/WARN]: While this makes the game possible to play without internet access, it also opens up the ability for hackers to connect with any username they choose.
[22:49:03] [Server thread/WARN]: To change this, set "online-mode" to "true" in the server.properties file.
[22:49:03] [Server thread/INFO]: Preparing level "world"
[22:49:06] [Server thread/WARN]: Method overwrite conflict for removeIf in modernfix-common.mixins.json:bugfix.paper_chunk_patches.SortedArraySetMixin from mod modernfix, previously written by me.jellysquid.mods.lithium.mixin.collections.chunk_tickets.SortedArraySetMixin. Skipping method.
[22:49:06] [Server thread/INFO]: Changing watch distance to 10
[22:49:06] [Server thread/INFO]: skipping unknown option 'enabledtrueupdate-order' in Alternate Current config
[22:49:06] [Server thread/INFO]: Changing watch distance to 10
[22:49:06] [Server thread/INFO]: Changing watch distance to 10
[22:49:06] [Server thread/INFO]: Ksyxis: Hey. This is Ksyxis. We will now load the world and will try to do it quickly. If the game is not responding after this, it's probably us to blame or delete for good. This message appears always, even if the mod works flawlessly. (modern)
[22:49:06] [Server thread/INFO]: Preparing start region for dimension minecraft:overworld
[22:49:06] [Server thread/INFO]: Time elapsed: 23 ms
[22:49:06] [Server thread/INFO]: Done (3.248s)! For help, type "help"
[22:49:06] [Server thread/WARN]: Dedicated server took 93.595 seconds to load
[22:49:07] [DefaultDispatcher-worker-2/INFO]: Registry insert complete
[22:49:07] [Server thread/WARN]: [voicechat] Running in offline mode - Voice chat encryption is not secure!
[22:49:07] [Server thread/INFO]: Added 0 persistent groups
[22:49:07] [VoiceChatServerThread/INFO]: [voicechat] Voice chat server started at port 24454
[22:49:10] [Server thread/INFO]: Possible world ids: minecraft:overworld,minecraft:the_end,minecraft:the_nether
[22:49:10] [Server thread/INFO]: Configured `rtp_enabled_worlds` world ids: minecraft:overworld
[22:49:10] [Server thread/INFO]: All configured `rtp_enabled_worlds` world ids are valid.
[22:49:10] [Server thread/INFO]: [Polydex] Started matching recipes and items...
[22:49:14] [Server thread/INFO]: [Polydex] Done! It took 3409 ms
[23:02:23] [Server thread/INFO]: rossell[/100.115.142.17:56952] logged in with entity id 2 at (9.5, 67.0, -42.5)
[23:02:23] [Server thread/INFO]: [Essential Commands] Loading PlayerData for player with uuid '1c411181-79e4-3662-8c6e-44957ba53d91'.
[23:02:23] [Server thread/INFO]: [STDOUT]: Ce : player joined, pausing chunky
[23:02:23] [Server thread/INFO]: [Chunky] No tasks to pause.
[23:02:23] [Server thread/INFO]: Using Fabric Permissions API
[23:02:23] [Server thread/INFO]: [voicechat] Using Fabric Permissions API
[23:02:23] [Server thread/INFO]: rossell joined the game
[23:02:23] [Server thread/INFO]: [Essential Commands] Loading PlayerProfile for player with uuid '1c411181-79e4-3662-8c6e-44957ba53d91'.
[23:02:23] [Server thread/WARN]: Can't keep up! Is the server overloaded? Running 5897ms or 117 ticks behind
[23:02:30] [Server thread/INFO]: Unknown or incomplete command, see below for error
[23:02:30] [Server thread/INFO]: t<--[HERE]
[23:03:02] [Server thread/INFO]: Async chunk loading for player rossell completed
[23:04:25] [Server thread/INFO]: Made rossell a server operator
[23:04:38] [Server thread/INFO]: [rossell: Set own game mode to Creative Mode]
[23:04:51] [Worker-Main-2/WARN]: Ignoring unknown attribute 'forge:entity_gravity'
[23:04:51] [Worker-Main-2/WARN]: Ignoring unknown attribute 'forge:entity_gravity'
[23:04:51] [Worker-Main-2/WARN]: Ignoring unknown attribute 'forge:entity_gravity'
[23:04:51] [Worker-Main-2/WARN]: Ignoring unknown attribute 'forge:entity_gravity'
[23:04:51] [Worker-Main-2/WARN]: Ignoring unknown attribute 'forge:entity_gravity'
[23:04:51] [Worker-Main-2/WARN]: Ignoring unknown attribute 'forge:entity_gravity'
[23:04:51] [Worker-Main-2/WARN]: Ignoring unknown attribute 'forge:entity_gravity'
[23:04:51] [Worker-Main-2/WARN]: Ignoring unknown attribute 'forge:entity_gravity'
[23:04:51] [Worker-Main-2/WARN]: Ignoring unknown attribute 'forge:entity_gravity'
[23:04:51] [Worker-Main-2/WARN]: Ignoring unknown attribute 'forge:entity_gravity'
[23:05:04] [Server thread/INFO]: [rossell: Set own game mode to Survival Mode]
[23:05:12] [Server thread/INFO]: [rossell: Set own game mode to Creative Mode]
[23:05:14] [Server thread/INFO]: [rossell: Set own game mode to Survival Mode]
[23:07:12] [Worker-Main-2/WARN]: Empty or non-existent pool: minecraft:
